-----------------------------------------------------------------
Duffel Airways : ZZ6144  : Departing CLT at : 2024-01-01 00:00:00
Duffel Airways : ZZ6144  : Arriving  SAN at : 2024-01-01 02:01:00
Duffel Airways : ZZ6144  : Departing SAN at : 2024-01-30 22:27:00
Duffel Airways : ZZ6144  : Arriving  CLT at : 2024-01-31 06:28:00
-----------------------------------------------------------------

12/09/23 02:48:46 AM :: off_0000AccTC1dzzDqlFkCNLp :: $330.01 USD
12/09/23 02:48:59 AM :: off_0000AccTDHcy2vN578JeaD :: $344.68 USD
12/09/23 02:49:04 AM :: off_0000AccTDipetqZ9UJSfbR :: $343.55 USD
12/09/23 02:49:09 AM :: off_0000AccTE9X9cko6Ik0m0b :: $336.60 USD
12/09/23 02:49:14 AM :: off_0000AccTEf5yHM4qBhXW5C :: $322.43 USD
12/09/23 02:49:19 AM :: off_0000AccTF5NEZnKnglofb6 :: $323.40 USD
12/09/23 02:49:23 AM :: off_0000AccTFTC40yexZ4m5WH :: $329.30 USD
12/09/23 02:49:27 AM :: off_0000AccTFs0ZkpKCWgalaE :: $317.60 USD
12/09/23 02:49:32 AM :: off_0000AccTGJi6l5BoRWAPgb :: $324.91 USD
12/09/23 02:49:37 AM :: off_0000AccTGkIrt22iv3Z8as :: $316.94 USD
12/09/23 02:49:41 AM :: off_0000AccTH8zE7CBbTNZIwv :: $337.60 USD
12/09/23 02:49:46 AM :: off_0000AccTHXvBPMo2o4rvcG :: $344.23 USD
12/09/23 02:49:50 AM :: off_0000AccTHziO4XCx0V66Yj :: $330.90 USD
12/09/23 02:49:55 AM :: off_0000AccTIQ75vIQ6serCgG :: $345.22 USD
12/09/23 02:49:59 AM :: off_0000AccTInSV7sD3Hi37jt :: $331.81 USD
12/09/23 02:50:04 AM :: off_0000AccTJF3eVqyCskdftf :: $317.18 USD
12/09/23 02:50:09 AM :: off_0000AccTJflVDRUjiHM3r3 :: $337.14 USD
12/09/23 02:50:14 AM :: off_0000AccTK7XHxslJqIv6b0 :: $327.79 USD
12/09/23 02:50:18 AM :: off_0000AccTKZrDspf4nOtHyH :: $328.12 USD
12/09/23 02:50:23 AM :: off_0000AccTKzSXTl355D74gG :: $330.29 USD
12/09/23 02:50:28 AM :: off_0000AccTLTtALKAnSTnlLl :: $344.02 USD
12/09/23 02:50:33 AM :: off_0000AccTLuxhgYqVQN8Gfh :: $333.29 USD
12/09/23 02:50:38 AM :: off_0000AccTMMBoSDAtrwwPuX :: $337.69 USD
12/09/23 02:50:42 AM :: off_0000AccTMkT0BxBXADAU2K :: $326.75 USD
12/09/23 02:50:46 AM :: off_0000AccTN9YstDkEzh72Av :: $329.89 USD

