-----------------------------------------------------------------
ID: off_0000Ac1YSinDTHO1BA5p3Z
Duffel Airways : ZZ6077  Departing SAN at : 2023-12-20 14:42:00
Duffel Airways : ZZ6077  Arriving  ANC at : 2023-12-20 19:32:00

Duffel Airways : ZZ6077  Departing ANC at : 2023-12-30 22:27:00
Duffel Airways : ZZ6077  Arriving  SAN at : 2023-12-31 05:17:00

Base Amount  : $320.90
Fare Taxes   : $57.77
Total Amount : $378.67
-----------------------------------------------------------------
-----------------------------------------------------------------
ID: off_0000Ac1YSinDTHO1BA5p3g
American Airlines : AA10 Departing SAN at : 2023-12-20 14:42:00
American Airlines : AA10 Arriving  ANC at : 2023-12-20 19:32:00

American Airlines : AA10 Departing ANC at : 2023-12-30 22:27:00
American Airlines : AA10 Arriving  SAN at : 2023-12-31 05:17:00

Base Amount  : $339.33
Fare Taxes   : $61.09
Total Amount : $400.42
-----------------------------------------------------------------
-----------------------------------------------------------------
ID: off_0000Ac1YSu4dWqrCANKOF4
United Airlines : UA1502 Departing SAN at : 2023-12-20 06:50:00
United Airlines : UA1502 Arriving  ORD at : 2023-12-20 12:55:00
United Airlines : UA77   Departing ORD at : 2023-12-20 16:10:00
United Airlines : UA77   Arriving  ANC at : 2023-12-20 20:00:00

United Airlines : UA1959 Departing ANC at : 2023-12-30 23:45:00
United Airlines : UA1959 Arriving  DEN at : 2023-12-31 06:58:00
United Airlines : UA2309 Departing DEN at : 2023-12-31 07:46:00
United Airlines : UA2309 Arriving  SAN at : 2023-12-31 09:14:00

Base Amount  : $617.50
Fare Taxes   : $91.06
Total Amount : $708.56
-----------------------------------------------------------------
-----------------------------------------------------------------
ID: off_0000Ac1YSzL7wy1EUy589C
Alaska Airlines : AS2011 Departing SAN at : 2023-12-20 12:35:00
Alaska Airlines : AS2011 Arriving  PAE at : 2023-12-20 15:50:00
Alaska Airlines : AS2559 Departing PAE at : 2023-12-20 16:40:00
Alaska Airlines : AS2559 Arriving  ANC at : 2023-12-20 19:29:00

Alaska Airlines : AS198  Departing ANC at : 2023-12-30 01:35:00
Alaska Airlines : AS198  Arriving  PDX at : 2023-12-30 06:10:00
Alaska Airlines : AS1074 Departing PDX at : 2023-12-30 07:00:00
Alaska Airlines : AS1074 Arriving  SAN at : 2023-12-30 09:28:00

Base Amount  : $634.96
Fare Taxes   : $91.21
Total Amount : $726.17
-----------------------------------------------------------------
-----------------------------------------------------------------
ID: off_0000Ac1YSzJM3YbKPTFiNC
Alaska Airlines : AS1497 Departing SAN at : 2023-12-20 14:00:00
Alaska Airlines : AS1497 Arriving  SEA at : 2023-12-20 17:15:00
Alaska Airlines : AS135  Departing SEA at : 2023-12-20 21:45:00
Alaska Airlines : AS135  Arriving  ANC at : 2023-12-21 00:35:00

Alaska Airlines : AS198  Departing ANC at : 2023-12-30 01:35:00
Alaska Airlines : AS198  Arriving  PDX at : 2023-12-30 06:10:00
Alaska Airlines : AS1074 Departing PDX at : 2023-12-30 07:00:00
Alaska Airlines : AS1074 Arriving  SAN at : 2023-12-30 09:28:00

Base Amount  : $675.50
Fare Taxes   : $92.69
Total Amount : $768.19
-----------------------------------------------------------------
-----------------------------------------------------------------
ID: off_0000Ac1YSzdup731REs8QN
Alaska Airlines : AS1497 Departing SAN at : 2023-12-20 14:00:00
Alaska Airlines : AS1497 Arriving  SEA at : 2023-12-20 17:15:00
Alaska Airlines : AS99   Departing SEA at : 2023-12-20 19:59:00
Alaska Airlines : AS99   Arriving  ANC at : 2023-12-20 22:49:00

Alaska Airlines : AS198  Departing ANC at : 2023-12-30 01:35:00
Alaska Airlines : AS198  Arriving  PDX at : 2023-12-30 06:10:00
Alaska Airlines : AS1074 Departing PDX at : 2023-12-30 07:00:00
Alaska Airlines : AS1074 Arriving  SAN at : 2023-12-30 09:28:00

Base Amount  : $675.50
Fare Taxes   : $92.69
Total Amount : $768.19
-----------------------------------------------------------------
-----------------------------------------------------------------
ID: off_0000Ac1YSzdup731REs8QY
Alaska Airlines : AS1137 Departing SAN at : 2023-12-20 12:45:00
Alaska Airlines : AS1137 Arriving  SEA at : 2023-12-20 15:59:00
Alaska Airlines : AS99   Departing SEA at : 2023-12-20 19:59:00
Alaska Airlines : AS99   Arriving  ANC at : 2023-12-20 22:49:00

Alaska Airlines : AS198  Departing ANC at : 2023-12-30 01:35:00
Alaska Airlines : AS198  Arriving  PDX at : 2023-12-30 06:10:00
Alaska Airlines : AS1074 Departing PDX at : 2023-12-30 07:00:00
Alaska Airlines : AS1074 Arriving  SAN at : 2023-12-30 09:28:00

Base Amount  : $675.50
Fare Taxes   : $92.69
Total Amount : $768.19
-----------------------------------------------------------------
-----------------------------------------------------------------
ID: off_0000Ac1YSu4HYAZc9HA6gX
United Airlines : UA1930 Departing SAN at : 2023-12-20 14:34:00
United Airlines : UA1930 Arriving  DEN at : 2023-12-20 18:01:00
United Airlines : UA280  Departing DEN at : 2023-12-20 18:55:00
United Airlines : UA280  Arriving  ANC at : 2023-12-20 22:49:00

United Airlines : UA1959 Departing ANC at : 2023-12-30 23:45:00
United Airlines : UA1959 Arriving  DEN at : 2023-12-31 06:58:00
United Airlines : UA2309 Departing DEN at : 2023-12-31 07:46:00
United Airlines : UA2309 Arriving  SAN at : 2023-12-31 09:14:00

Base Amount  : $682.63
Fare Taxes   : $93.44
Total Amount : $776.07
-----------------------------------------------------------------
-----------------------------------------------------------------
ID: off_0000Ac1YSu4dWqrCANKOEi
United Airlines : UA2454 Departing SAN at : 2023-12-20 12:53:00
United Airlines : UA2454 Arriving  DEN at : 2023-12-20 16:20:00
United Airlines : UA280  Departing DEN at : 2023-12-20 18:55:00
United Airlines : UA280  Arriving  ANC at : 2023-12-20 22:49:00

United Airlines : UA1959 Departing ANC at : 2023-12-30 23:45:00
United Airlines : UA1959 Arriving  DEN at : 2023-12-31 06:58:00
United Airlines : UA2309 Departing DEN at : 2023-12-31 07:46:00
United Airlines : UA2309 Arriving  SAN at : 2023-12-31 09:14:00

Base Amount  : $682.63
Fare Taxes   : $93.44
Total Amount : $776.07
-----------------------------------------------------------------
-----------------------------------------------------------------
ID: off_0000Ac1YSzGAFQ36FZlAPP
Alaska Airlines : AS2011 Departing SAN at : 2023-12-20 12:35:00
Alaska Airlines : AS2011 Arriving  PAE at : 2023-12-20 15:50:00
Alaska Airlines : AS2559 Departing PAE at : 2023-12-20 16:40:00
Alaska Airlines : AS2559 Arriving  ANC at : 2023-12-20 19:29:00

Alaska Airlines : AS2048 Departing ANC at : 2023-12-30 15:25:00
Alaska Airlines : AS2048 Arriving  PDX at : 2023-12-30 20:06:00
Alaska Airlines : AS1122 Departing PDX at : 2023-12-30 21:25:00
Alaska Airlines : AS1122 Arriving  SAN at : 2023-12-30 23:53:00

Base Amount  : $685.05
Fare Taxes   : $93.04
Total Amount : $778.09
-----------------------------------------------------------------
-----------------------------------------------------------------
ID: off_0000Ac1YSu4dWqrCANKOEt
United Airlines : UA1502 Departing SAN at : 2023-12-20 06:50:00
United Airlines : UA1502 Arriving  ORD at : 2023-12-20 12:55:00
United Airlines : UA77   Departing ORD at : 2023-12-20 16:10:00
United Airlines : UA77   Arriving  ANC at : 2023-12-20 20:00:00

United Airlines : UA1959 Departing ANC at : 2023-12-30 23:45:00
United Airlines : UA1959 Arriving  DEN at : 2023-12-31 06:58:00
United Airlines : UA2309 Departing DEN at : 2023-12-31 07:46:00
United Airlines : UA2309 Arriving  SAN at : 2023-12-31 09:14:00

Base Amount  : $713.94
Fare Taxes   : $94.57
Total Amount : $808.51
-----------------------------------------------------------------
-----------------------------------------------------------------
ID: off_0000Ac1YSzJM3YbKPTFiNj
Alaska Airlines : AS1497 Departing SAN at : 2023-12-20 14:00:00
Alaska Airlines : AS1497 Arriving  SEA at : 2023-12-20 17:15:00
Alaska Airlines : AS135  Departing SEA at : 2023-12-20 21:45:00
Alaska Airlines : AS135  Arriving  ANC at : 2023-12-21 00:35:00

Alaska Airlines : AS2048 Departing ANC at : 2023-12-30 15:25:00
Alaska Airlines : AS2048 Arriving  PDX at : 2023-12-30 20:06:00
Alaska Airlines : AS1122 Departing PDX at : 2023-12-30 21:25:00
Alaska Airlines : AS1122 Arriving  SAN at : 2023-12-30 23:53:00

Base Amount  : $725.59
Fare Taxes   : $94.51
Total Amount : $820.10
-----------------------------------------------------------------
-----------------------------------------------------------------
ID: off_0000Ac1YSzTdRKpAvM3vPE
Alaska Airlines : AS1497 Departing SAN at : 2023-12-20 14:00:00
Alaska Airlines : AS1497 Arriving  SEA at : 2023-12-20 17:15:00
Alaska Airlines : AS99   Departing SEA at : 2023-12-20 19:59:00
Alaska Airlines : AS99   Arriving  ANC at : 2023-12-20 22:49:00

Alaska Airlines : AS2048 Departing ANC at : 2023-12-30 15:25:00
Alaska Airlines : AS2048 Arriving  PDX at : 2023-12-30 20:06:00
Alaska Airlines : AS1122 Departing PDX at : 2023-12-30 21:25:00
Alaska Airlines : AS1122 Arriving  SAN at : 2023-12-30 23:53:00

Base Amount  : $725.59
Fare Taxes   : $94.51
Total Amount : $820.10
-----------------------------------------------------------------
-----------------------------------------------------------------
ID: off_0000Ac1YSzTzQ16kwSECws
Alaska Airlines : AS1137 Departing SAN at : 2023-12-20 12:45:00
Alaska Airlines : AS1137 Arriving  SEA at : 2023-12-20 15:59:00
Alaska Airlines : AS99   Departing SEA at : 2023-12-20 19:59:00
Alaska Airlines : AS99   Arriving  ANC at : 2023-12-20 22:49:00

Alaska Airlines : AS2048 Departing ANC at : 2023-12-30 15:25:00
Alaska Airlines : AS2048 Arriving  PDX at : 2023-12-30 20:06:00
Alaska Airlines : AS1122 Departing PDX at : 2023-12-30 21:25:00
Alaska Airlines : AS1122 Arriving  SAN at : 2023-12-30 23:53:00

Base Amount  : $725.59
Fare Taxes   : $94.51
Total Amount : $820.10
-----------------------------------------------------------------
-----------------------------------------------------------------
ID: off_0000Ac1YSzV3M3xUzkj3cF
Alaska Airlines : AS2011 Departing SAN at : 2023-12-20 12:35:00
Alaska Airlines : AS2011 Arriving  PAE at : 2023-12-20 15:50:00
Alaska Airlines : AS2559 Departing PAE at : 2023-12-20 16:40:00
Alaska Airlines : AS2559 Arriving  ANC at : 2023-12-20 19:29:00

Alaska Airlines : AS198  Departing ANC at : 2023-12-30 01:35:00
Alaska Airlines : AS198  Arriving  PDX at : 2023-12-30 06:10:00
Alaska Airlines : AS1074 Departing PDX at : 2023-12-30 07:00:00
Alaska Airlines : AS1074 Arriving  SAN at : 2023-12-30 09:28:00

Base Amount  : $764.35
Fare Taxes   : $95.92
Total Amount : $860.27
-----------------------------------------------------------------
