-----------------------------------------------------------------
Duffel Airways : ZZ5527  : Departing SAN at : 2023-12-20 14:42:00
Duffel Airways : ZZ5527  : Arriving  ANC at : 2023-12-20 19:32:00
Duffel Airways : ZZ5527  : Departing ANC at : 2023-12-30 22:27:00
Duffel Airways : ZZ5527  : Arriving  SAN at : 2023-12-31 05:17:00
-----------------------------------------------------------------

11/26/23 07:31:34 AM :: off_0000AcBvkfmQBK2JLAcGDE :: $392.46 USD
11/26/23 07:31:39 AM :: off_0000AcBvl8WpINnEVCXiQt :: $401.47 USD
11/26/23 07:31:43 AM :: off_0000AcBvlX7VrdOolvtLwi :: $401.29 USD
11/26/23 07:31:47 AM :: off_0000AcBvlvuFi4e9e2scFQ :: $392.38 USD
11/26/23 07:31:51 AM :: off_0000AcBvmIws2VPJ6pHX1Q :: $385.60 USD
11/26/23 07:31:55 AM :: off_0000AcBvmhCdrWHcKgqSwF :: $396.54 USD
11/26/23 07:32:00 AM :: off_0000AcBvn5WJS2HJkeEVvf :: $386.99 USD
11/26/23 07:32:04 AM :: off_0000AcBvnU0cP0mRhab3Uy :: $399.36 USD
11/26/23 07:32:09 AM :: off_0000AcBvnu0riiQWLsucUd :: $399.09 USD
11/26/23 07:32:13 AM :: off_0000AcBvoK50nvBzCH3IZA :: $375.13 USD
11/26/23 07:32:17 AM :: off_0000AcBvoiQoGWtAipR2sG :: $397.93 USD
11/26/23 07:32:22 AM :: off_0000AcBvp7sfe51teTf9Gu :: $388.50 USD
11/26/23 07:32:26 AM :: off_0000AcBvpVYzatY76Odlvo :: $391.08 USD
11/26/23 07:32:31 AM :: off_0000AcBvpvVL964nYb8Dqh :: $375.79 USD
11/26/23 07:32:35 AM :: off_0000AcBvqJCj1xRl3obhAN :: $369.32 USD
11/26/23 07:32:39 AM :: off_0000AcBvqgDvRf4aSCLTjI :: $399.91 USD
11/26/23 07:32:43 AM :: off_0000AcBvr42OuA7AJP8c6F :: $396.70 USD
11/26/23 07:32:47 AM :: off_0000AcBvrUGpN96Tfg5VC8 :: $380.01 USD
11/26/23 07:32:52 AM :: off_0000AcBvrv7BZ6QwvamgPk :: $377.51 USD
11/26/23 07:32:57 AM :: off_0000AcBvsMaXQ4xK8Rj0QB :: $386.72 USD
11/26/23 07:33:01 AM :: off_0000AcBvsllNotUADJzWI0 :: $400.75 USD
11/26/23 07:33:06 AM :: off_0000AcBvtC4423sRmmvo16 :: $400.72 USD
11/26/23 07:33:11 AM :: off_0000AcBvtdG2vcVM7lkFwS :: $385.28 USD
11/26/23 07:33:15 AM :: off_0000AcBvu4HkROuPwrkUqI :: $370.36 USD
11/26/23 07:33:20 AM :: off_0000AcBvuTMDDwKnhx1ulw :: $375.37 USD
