-----------------------------------------------------------------
American Airlines : AA1274 : Departing SAN at : 2023-12-20 14:42:00
American Airlines : AA1274 : Arriving  ANC at : 2023-12-20 19:32:00
American Airlines : AA1274 : Departing ANC at : 2023-12-30 22:27:00
American Airlines : AA1274 : Arriving  SAN at : 2023-12-31 05:17:00
-----------------------------------------------------------------

11/25/23 05:09:42 AM :: off_0000AcALPJoVoN3jYtf21Q :: $373.34
11/25/23 05:09:47 AM :: off_0000AcALPmh4R7L18DOzxP :: $377.71
11/25/23 05:09:51 AM :: off_0000AcALQ9x9xSsFGm6fie :: $396.16
11/25/23 05:09:55 AM :: off_0000AcALQXMSvXmZrv7hrT :: $368.59
11/25/23 05:09:59 AM :: off_0000AcALQwC2bRIYspREZw :: $388.54
11/25/23 05:10:04 AM :: off_0000AcALRLLp4CyeuPCtnT :: $391.71
11/25/23 05:10:08 AM :: off_0000AcALRjhcWofqQxae6W :: $369.84
11/25/23 05:10:13 AM :: off_0000AcALS9Mx6Hae2O7VV0 :: $380.37
11/25/23 05:10:17 AM :: off_0000AcALSYtQChPvCKVI51 :: $387.38
11/25/23 05:10:21 AM :: off_0000AcALSyjk7J7jLqAvbR :: $391.53
11/25/23 05:10:26 AM :: off_0000AcALTN5XZuousOYfuW :: $391.95
11/25/23 05:10:30 AM :: off_0000AcALTmaEmvEHwq72je :: $382.45
11/25/23 05:10:34 AM :: off_0000AcALUBU4D09FAwPy56 :: $371.57
11/25/23 05:10:39 AM :: off_0000AcALUZqDeI80iaxzwX :: $373.71
11/25/23 05:10:43 AM :: off_0000AcALUykP33KXxnRCqa :: $387.41
11/25/23 05:10:48 AM :: off_0000AcALVOdulnaaHCbOLK :: $400.91
11/25/23 05:10:52 AM :: off_0000AcALVoA1tX8HQ2otN3 :: $371.24
11/25/23 05:10:57 AM :: off_0000AcALWCmUMC9lmGzweN :: $389.48
11/25/23 05:11:01 AM :: off_0000AcALWcHtWZ8IsussZZ :: $400.18
11/25/23 05:11:05 AM :: off_0000AcALX1S1y15yvaopLG :: $391.63
11/25/23 05:11:09 AM :: off_0000AcALXP4o80mOCW8cTe :: $401.85
11/25/23 05:11:14 AM :: off_0000AcALXn2V2FC4WJF7DB :: $376.77
11/25/23 05:11:18 AM :: off_0000AcALYDMFBSR694gFb2 :: $393.88
11/25/23 05:11:24 AM :: off_0000AcALYcW1eE7CAeRuoj :: $378.19
11/25/23 05:11:28 AM :: off_0000AcALZ6tSheggO1e3Ve :: $390.09
11/25/23 05:11:32 AM :: off_0000AcALZWLg3t6zKm2RSS :: $373.22
11/25/23 05:11:37 AM :: off_0000AcALZuVmDzS0H2wqX6 :: $402.75
11/25/23 05:11:41 AM :: off_0000AcALaImbz3B3YD0d6b :: $379.24
11/25/23 05:11:45 AM :: off_0000AcALaiT0UYwbCw2LAT :: $377.69
11/25/23 05:11:49 AM :: off_0000AcALb5kVvdc9PtP98b :: $402.02
11/25/23 05:11:53 AM :: off_0000AcALbTjGlusZmz0UWy :: $402.10
11/25/23 05:11:58 AM :: off_0000AcALbrfXlQ9w2NRr3Y :: $384.38
11/25/23 05:12:02 AM :: off_0000AcALcINOT0gSruAF11 :: $384.66
11/25/23 05:12:07 AM :: off_0000AcALch9mKleDiuzDlM :: $393.20
11/25/23 05:12:11 AM :: off_0000AcALd4muTRcD0wTIRu :: $387.64
11/25/23 05:12:15 AM :: off_0000AcALdTF5YKPqrHq8iC :: $390.45
11/25/23 05:12:20 AM :: off_0000AcALdsi0rvPJqEZ5l9 :: $382.39
11/25/23 05:12:24 AM :: off_0000AcALeJD6Kxiw2BJHpA :: $389.89
11/25/23 05:12:29 AM :: off_0000AcALehrKh2AKTuJkrk :: $370.97
11/25/23 05:12:33 AM :: off_0000AcALf8UDh4ij42iB5g :: $399.87
11/25/23 05:12:37 AM :: off_0000AcALfXLDHhN29Lgq1I :: $374.38
11/25/23 05:12:42 AM :: off_0000AcALfusJmmW98gM6JY :: $385.83
11/25/23 05:12:46 AM :: off_0000AcALgKklZTvROn1R9a :: $401.95
11/25/23 05:12:50 AM :: off_0000AcALgiEgGQWKEEC9TQ :: $395.42
11/25/23 05:12:54 AM :: off_0000AcALh5r6Rjv9U3Lf3Z :: $388.89
11/25/23 05:12:59 AM :: off_0000AcALhTZCHxrH1T9hTe :: $388.02
11/25/23 05:13:03 AM :: off_0000AcALhsXdQuSmTrcJ0s :: $400.23
11/25/23 05:13:07 AM :: off_0000AcALiFtOcAXIu0yVco :: $401.29
11/25/23 05:13:11 AM :: off_0000AcALievjWcGCYVGEFA :: $383.10
11/25/23 05:13:16 AM :: off_0000AcALj3cni8yF91axhW :: $401.49
11/25/23 05:13:21 AM :: off_0000AcALjS8sYWtHBSmv2A :: $379.79
11/25/23 05:13:25 AM :: off_0000AcALjuLbgni0f2xTl6 :: $371.94
11/25/23 05:13:29 AM :: off_0000AcALkJFn5YuXuFQgfF :: $396.84
11/25/23 05:13:33 AM :: off_0000AcALki9cVdpV8Ljc1B :: $372.33
11/25/23 05:13:38 AM :: off_0000AcALl5VjfaBbZbG6BI :: $390.79
11/25/23 05:13:42 AM :: off_0000AcALlV2YkgISkdoAJW :: $396.84
11/25/23 05:13:47 AM :: off_0000AcALluKqhomVCbYcnF :: $395.97
11/25/23 05:13:51 AM :: off_0000AcALmIi459c0nYbVJP :: $373.68
11/25/23 05:13:55 AM :: off_0000AcALmgssCcWBm1qTUQ :: $395.36
11/25/23 05:14:00 AM :: off_0000AcALn6K1co5kfTk0mW :: $379.39
11/25/23 05:14:04 AM :: off_0000AcALnVTS6tUGfxLORp :: $373.81
11/25/23 05:14:08 AM :: off_0000AcALntuvEPikU6Nfb3 :: $393.94
11/25/23 05:14:13 AM :: off_0000AcALoJpUtCpWqo2hkY :: $387.54
11/25/23 05:14:17 AM :: off_0000AcALoiAEPlfyK3vbPf :: $394.47
11/25/23 05:14:22 AM :: off_0000AcALp7TEKGjAoE0cz9 :: $383.20
11/25/23 05:14:26 AM :: off_0000AcALpWlWHPDDGBl5So :: $377.12
11/25/23 05:14:30 AM :: off_0000AcALpuE13cfm1EGfZe :: $392.50
11/25/23 05:14:34 AM :: off_0000AcALqIYObVEdTNzHfg :: $395.34
11/25/23 05:14:38 AM :: off_0000AcALqfjARcW9LSCi9c :: $399.31
11/25/23 05:14:43 AM :: off_0000AcALr4u0qR2zQKTE1r :: $395.81
11/25/23 05:14:48 AM :: off_0000AcALrVcZVO8gI3WB5u :: $383.76
11/25/23 05:14:52 AM :: off_0000AcALrvwJebNhuoxJTg :: $377.10
11/25/23 05:14:56 AM :: off_0000AcALsLPEyCNAtlgGX4 :: $376.62
11/25/23 05:15:00 AM :: off_0000AcALsjb71i85vXQ5My :: $375.56
11/25/23 05:15:05 AM :: off_0000AcALt6rYWjwu5CI2h2 :: $371.88
11/25/23 05:15:09 AM :: off_0000AcALtVFTrRLZiLfUK4 :: $389.22
11/25/23 05:15:13 AM :: off_0000AcALttNo88GgZ7kTdI :: $382.62
11/25/23 05:15:17 AM :: off_0000AcALuHjbajxs5g8Dw3 :: $369.99
11/25/23 05:15:21 AM :: off_0000AcALuh3fRHrod8i6B0 :: $394.47
11/25/23 05:15:25 AM :: off_0000AcALv5a6GM4Qgg4L3x :: $372.08
11/25/23 05:15:30 AM :: off_0000AcALvUQNtc9ZjmiQtA :: $383.44
11/25/23 05:15:34 AM :: off_0000AcALvtnzWytKSEx8eg :: $392.38
11/25/23 05:15:38 AM :: off_0000AcALwHutswg7EcMzl0 :: $378.04
11/25/23 05:15:42 AM :: off_0000AcALwg0kIrc9xhI0CY :: $387.09
11/25/23 05:15:47 AM :: off_0000AcALx4mmBwIKnbwhOe :: $401.23
11/25/23 05:15:51 AM :: off_0000AcALxUjTip6bGubQrl :: $372.96
11/25/23 05:15:56 AM :: off_0000AcALxu89IEh62fKzI6 :: $402.24
11/25/23 05:16:00 AM :: off_0000AcALyJ1Gkx2tEZJLXR :: $386.49
11/25/23 05:16:04 AM :: off_0000AcALyhZTTQfPNbV0Ba :: $396.09
11/25/23 05:16:09 AM :: off_0000AcALz6NHFulUJ0z794 :: $375.08
11/25/23 05:16:13 AM :: off_0000AcALzUHmM0cwSub3uG :: $391.99
11/25/23 05:16:17 AM :: off_0000AcALzssSvGEWjdwhQC :: $391.40
11/25/23 05:16:21 AM :: off_0000AcAM0HIA9N36SI9Yo8 :: $368.84
11/25/23 05:16:26 AM :: off_0000AcAM0flPAIhULw1Fik :: $389.32
11/25/23 05:16:30 AM :: off_0000AcAM13dQPcZsO8TDc4 :: $388.04
11/25/23 05:16:34 AM :: off_0000AcAM1R21QKv2x59ge4 :: $386.52
11/25/23 05:16:38 AM :: off_0000AcAM1pjRaXufYhehes :: $373.88
11/25/23 05:16:43 AM :: off_0000AcAM2DYH1jEpR0c7aV :: $399.78
11/25/23 05:16:47 AM :: off_0000AcAM2eSWzBggt18Psj :: $368.50
11/25/23 05:16:52 AM :: off_0000AcAM345NhscQMkVIP4 :: $394.68
